Determining if the pthread_create exist failed with the following output:
Change Dir: /home/xbar/groovy_workspace/Git/SpiderRobot_stack/SpiderRobot_pkg/build/CMakeFiles/CMakeTmp

Run Build Command:/usr/bin/make "cmTryCompileExec3698133848/fast"
make[1]: Entering directory `/home/xbar/groovy_workspace/Git/SpiderRobot_stack/SpiderRobot_pkg/build/CMakeFiles/CMakeTmp'
/usr/bin/make -f CMakeFiles/cmTryCompileExec3698133848.dir/build.make CMakeFiles/cmTryCompileExec3698133848.dir/build
make[2]: Entering directory `/home/xbar/groovy_workspace/Git/SpiderRobot_stack/SpiderRobot_pkg/build/CMakeFiles/CMakeTmp'
/usr/bin/cmake -E cmake_progress_report /home/xbar/groovy_workspace/Git/SpiderRobot_stack/SpiderRobot_pkg/build/CMakeFiles/CMakeTmp/CMakeFiles 1
Building C object CMakeFiles/cmTryCompileExec3698133848.dir/CheckSymbolExists.c.o
/usr/bin/gcc    -o CMakeFiles/cmTryCompileExec3698133848.dir/CheckSymbolExists.c.o   -c /home/xbar/groovy_workspace/Git/SpiderRobot_stack/SpiderRobot_pkg/build/CMakeFiles/CMakeTmp/CheckSymbolExists.c
Linking C executable cmTryCompileExec3698133848
/usr/bin/cmake -E cmake_link_script CMakeFiles/cmTryCompileExec3698133848.dir/link.txt --verbose=1
/usr/bin/gcc         CMakeFiles/cmTryCompileExec3698133848.dir/CheckSymbolExists.c.o  -o cmTryCompileExec3698133848 -rdynamic 
CMakeFiles/cmTryCompileExec3698133848.dir/CheckSymbolExists.c.o: In function `main':
CheckSymbolExists.c:(.text+0x38): undefined reference to `pthread_create'
collect2: ld returned 1 exit status
make[2]: Leaving directory `/home/xbar/groovy_workspace/Git/SpiderRobot_stack/SpiderRobot_pkg/build/CMakeFiles/CMakeTmp'
make[2]: *** [cmTryCompileExec3698133848] Error 1
make[1]: Leaving directory `/home/xbar/groovy_workspace/Git/SpiderRobot_stack/SpiderRobot_pkg/build/CMakeFiles/CMakeTmp'
make[1]: *** [cmTryCompileExec3698133848/fast] Error 2

File /home/xbar/groovy_workspace/Git/SpiderRobot_stack/SpiderRobot_pkg/build/CMakeFiles/CMakeTmp/CheckSymbolExists.c:
/* */
#include <pthread.h>

int main(int argc, char** argv)
{
  (void)argv;
#ifndef pthread_create
  return ((int*)(&pthread_create))[argc];
#else
  (void)argc;
  return 0;
#endif
}

Determining if the function pthread_create exists in the pthreads failed with the following output:
Change Dir: /home/xbar/groovy_workspace/Git/SpiderRobot_stack/SpiderRobot_pkg/build/CMakeFiles/CMakeTmp

Run Build Command:/usr/bin/make "cmTryCompileExec2239158834/fast"
make[1]: Entering directory `/home/xbar/groovy_workspace/Git/SpiderRobot_stack/SpiderRobot_pkg/build/CMakeFiles/CMakeTmp'
/usr/bin/make -f CMakeFiles/cmTryCompileExec2239158834.dir/build.make CMakeFiles/cmTryCompileExec2239158834.dir/build
make[2]: Entering directory `/home/xbar/groovy_workspace/Git/SpiderRobot_stack/SpiderRobot_pkg/build/CMakeFiles/CMakeTmp'
/usr/bin/cmake -E cmake_progress_report /home/xbar/groovy_workspace/Git/SpiderRobot_stack/SpiderRobot_pkg/build/CMakeFiles/CMakeTmp/CMakeFiles 1
Building C object CMakeFiles/cmTryCompileExec2239158834.dir/CheckFunctionExists.c.o
/usr/bin/gcc   -DCHECK_FUNCTION_EXISTS=pthread_create   -o CMakeFiles/cmTryCompileExec2239158834.dir/CheckFunctionExists.c.o   -c /usr/share/cmake-2.8/Modules/CheckFunctionExists.c
Linking C executable cmTryCompileExec2239158834
/usr/bin/cmake -E cmake_link_script CMakeFiles/cmTryCompileExec2239158834.dir/link.txt --verbose=1
/usr/bin/gcc     -DCHECK_FUNCTION_EXISTS=pthread_create    CMakeFiles/cmTryCompileExec2239158834.dir/CheckFunctionExists.c.o  -o cmTryCompileExec2239158834 -rdynamic -lpthreads 
/usr/bin/ld: cannot find -lpthreads
collect2: ld returned 1 exit status
make[2]: Leaving directory `/home/xbar/groovy_workspace/Git/SpiderRobot_stack/SpiderRobot_pkg/build/CMakeFiles/CMakeTmp'
make[1]: Leaving directory `/home/xbar/groovy_workspace/Git/SpiderRobot_stack/SpiderRobot_pkg/build/CMakeFiles/CMakeTmp'
make[2]: *** [cmTryCompileExec2239158834] Error 1
make[1]: *** [cmTryCompileExec2239158834/fast] Error 2


